<?xml version="1.0" encoding="UTF-8"?>
<!-- Generated by org.testng.reporters.JUnitReportReporter -->
<testsuite hostname="DESKTOP-6T5BH1R" failures="0" tests="1" name="alltest.LoginClass" time="0.208" errors="0" timestamp="2024-02-01T01:43:25 EST" skipped="0">
  <testcase classname="alltest.LoginClass" name="loging" time="0.208"/>
  <system-out/>
</testsuite> <!-- alltest.LoginClass -->
